[2019-01-04 23:11:06] production.ERROR: No application encryption key has been specified. {"exception":"[object] (RuntimeException(code: 0): No application encryption key has been specified. at C:\\Users\\ciloozz\\Documents\\NetBeansProjects\\app-default\\www\\server\\vendor\\laravel\\framework\\src\\Illuminate\\Encryption\\EncryptionServiceProvider.php:44)
[stacktrace]
#0 C:\\Users\\ciloozz\\Documents\\NetBeansProjects\\app-default\\www\\server\\vendor\\laravel\\framework\\src\\Illuminate\\Support\\helpers.php(1027): Illuminate\\Encryption\\EncryptionServiceProvider->Illuminate\\Encryption\\{closure}(NULL)
#1 C:\\Users\\ciloozz\\Documents\\NetBeansProjects\\app-default\\www\\server\\vendor\\laravel\\framework\\src\\Illuminate\\Encryption\\EncryptionServiceProvider.php(48): tap(NULL, Object(Closure))
#2 C:\\Users\\ciloozz\\Documents\\NetBeansProjects\\app-default\\www\\server\\vendor\\laravel\\framework\\src\\Illuminate\\Encryption\\EncryptionServiceProvider.php(24): Illuminate\\Encryption\\EncryptionServiceProvider->key(Array)
#3 C:\\Users\\ciloozz\\Documents\\NetBeansProjects\\app-default\\www\\server\\vendor\\laravel\\framework\\src\\Illuminate\\Container\\Container.php(776): Illuminate\\Encryption\\EncryptionServiceProvider->Illuminate\\Encryption\\{closure}(Object(Illuminate\\Foundation\\Application), Array)
#4 C:\\Users\\ciloozz\\Documents\\NetBeansProjects\\app-default\\www\\server\\vendor\\laravel\\framework\\src\\Illuminate\\Container\\Container.php(658): Illuminate\\Container\\Container->build(Object(Closure))
#5 C:\\Users\\ciloozz\\Documents\\NetBeansProjects\\app-default\\www\\server\\vendor\\laravel\\framework\\src\\Illuminate\\Container\\Container.php(609): Illuminate\\Container\\Container->resolve('encrypter', Array)
#6 C:\\Users\\ciloozz\\Documents\\NetBeansProjects\\app-default\\www\\server\\vendor\\laravel\\framework\\src\\Illuminate\\Foundation\\Application.php(735): Illuminate\\Container\\Container->make('encrypter', Array)
#7 C:\\Users\\ciloozz\\Documents\\NetBeansProjects\\app-default\\www\\server\\vendor\\laravel\\framework\\src\\Illuminate\\Container\\Container.php(912): Illuminate\\Foundation\\Application->make('encrypter')
#8 C:\\Users\\ciloozz\\Documents\\NetBeansProjects\\app-default\\www\\server\\vendor\\laravel\\framework\\src\\Illuminate\\Container\\Container.php(840): Illuminate\\Container\\Container->resolveClass(Object(ReflectionParameter))
#9 C:\\Users\\ciloozz\\Documents\\NetBeansProjects\\app-default\\www\\server\\vendor\\laravel\\framework\\src\\Illuminate\\Container\\Container.php(807): Illuminate\\Container\\Container->resolveDependencies(Array)
#10 C:\\Users\\ciloozz\\Documents\\NetBeansProjects\\app-default\\www\\server\\vendor\\laravel\\framework\\src\\Illuminate\\Container\\Container.php(658): Illuminate\\Container\\Container->build('App\\\\Http\\\\Middle...')
#11 C:\\Users\\ciloozz\\Documents\\NetBeansProjects\\app-default\\www\\server\\vendor\\laravel\\framework\\src\\Illuminate\\Container\\Container.php(609): Illuminate\\Container\\Container->resolve('App\\\\Http\\\\Middle...', Array)
#12 C:\\Users\\ciloozz\\Documents\\NetBeansProjects\\app-default\\www\\server\\vendor\\laravel\\framework\\src\\Illuminate\\Foundation\\Application.php(735): Illuminate\\Container\\Container->make('App\\\\Http\\\\Middle...', Array)
#13 C:\\Users\\ciloozz\\Documents\\NetBeansProjects\\app-default\\www\\server\\vendor\\laravel\\framework\\src\\Illuminate\\Pipeline\\Pipeline.php(140): Illuminate\\Foundation\\Application->make('App\\\\Http\\\\Middle...')
#14 C:\\Users\\ciloozz\\Documents\\NetBeansProjects\\app-default\\www\\server\\vendor\\laravel\\framework\\src\\Illuminate\\Routing\\Pipeline.php(53): Illuminate\\Pipeline\\Pipeline->Illuminate\\Pipeline\\{closure}(Object(Illuminate\\Http\\Request))
#15 C:\\Users\\ciloozz\\Documents\\NetBeansProjects\\app-default\\www\\server\\vendor\\laravel\\framework\\src\\Illuminate\\Pipeline\\Pipeline.php(104): Illuminate\\Routing\\Pipeline->Illuminate\\Routing\\{closure}(Object(Illuminate\\Http\\Request))
#16 C:\\Users\\ciloozz\\Documents\\NetBeansProjects\\app-default\\www\\server\\vendor\\laravel\\framework\\src\\Illuminate\\Routing\\Router.php(684): Illuminate\\Pipeline\\Pipeline->then(Object(Closure))
#17 C:\\Users\\ciloozz\\Documents\\NetBeansProjects\\app-default\\www\\server\\vendor\\laravel\\framework\\src\\Illuminate\\Routing\\Router.php(659): Illuminate\\Routing\\Router->runRouteWithinStack(Object(Illuminate\\Routing\\Route), Object(Illuminate\\Http\\Request))
#18 C:\\Users\\ciloozz\\Documents\\NetBeansProjects\\app-default\\www\\server\\vendor\\laravel\\framework\\src\\Illuminate\\Routing\\Router.php(625): Illuminate\\Routing\\Router->runRoute(Object(Illuminate\\Http\\Request), Object(Illuminate\\Routing\\Route))
#19 C:\\Users\\ciloozz\\Documents\\NetBeansProjects\\app-default\\www\\server\\vendor\\laravel\\framework\\src\\Illuminate\\Routing\\Router.php(614): Illuminate\\Routing\\Router->dispatchToRoute(Object(Illuminate\\Http\\Request))
#20 C:\\Users\\ciloozz\\Documents\\NetBeansProjects\\app-default\\www\\server\\vendor\\laravel\\framework\\src\\Illuminate\\Foundation\\Http\\Kernel.php(176): Illuminate\\Routing\\Router->dispatch(Object(Illuminate\\Http\\Request))
#21 C:\\Users\\ciloozz\\Documents\\NetBeansProjects\\app-default\\www\\server\\vendor\\laravel\\framework\\src\\Illuminate\\Routing\\Pipeline.php(30): Illuminate\\Foundation\\Http\\Kernel->Illuminate\\Foundation\\Http\\{closure}(Object(Illuminate\\Http\\Request))
#22 C:\\Users\\ciloozz\\Documents\\NetBeansProjects\\app-default\\www\\server\\vendor\\fideloper\\proxy\\src\\TrustProxies.php(57): Illuminate\\Routing\\Pipeline->Illuminate\\Routing\\{closure}(Object(Illuminate\\Http\\Request))
#23 C:\\Users\\ciloozz\\Documents\\NetBeansProjects\\app-default\\www\\server\\vendor\\laravel\\framework\\src\\Illuminate\\Pipeline\\Pipeline.php(151): Fideloper\\Proxy\\TrustProxies->handle(Object(Illuminate\\Http\\Request), Object(Closure))
#24 C:\\Users\\ciloozz\\Documents\\NetBeansProjects\\app-default\\www\\server\\vendor\\laravel\\framework\\src\\Illuminate\\Routing\\Pipeline.php(53): Illuminate\\Pipeline\\Pipeline->Illuminate\\Pipeline\\{closure}(Object(Illuminate\\Http\\Request))
#25 C:\\Users\\ciloozz\\Documents\\NetBeansProjects\\app-default\\www\\server\\vendor\\laravel\\framework\\src\\Illuminate\\Foundation\\Http\\Middleware\\TransformsRequest.php(31): Illuminate\\Routing\\Pipeline->Illuminate\\Routing\\{closure}(Object(Illuminate\\Http\\Request))
#26 C:\\Users\\ciloozz\\Documents\\NetBeansProjects\\app-default\\www\\server\\vendor\\laravel\\framework\\src\\Illuminate\\Pipeline\\Pipeline.php(151): Illuminate\\Foundation\\Http\\Middleware\\TransformsRequest->handle(Object(Illuminate\\Http\\Request), Object(Closure))
#27 C:\\Users\\ciloozz\\Documents\\NetBeansProjects\\app-default\\www\\server\\vendor\\laravel\\framework\\src\\Illuminate\\Routing\\Pipeline.php(53): Illuminate\\Pipeline\\Pipeline->Illuminate\\Pipeline\\{closure}(Object(Illuminate\\Http\\Request))
#28 C:\\Users\\ciloozz\\Documents\\NetBeansProjects\\app-default\\www\\server\\vendor\\laravel\\framework\\src\\Illuminate\\Foundation\\Http\\Middleware\\TransformsRequest.php(31): Illuminate\\Routing\\Pipeline->Illuminate\\Routing\\{closure}(Object(Illuminate\\Http\\Request))
#29 C:\\Users\\ciloozz\\Documents\\NetBeansProjects\\app-default\\www\\server\\vendor\\laravel\\framework\\src\\Illuminate\\Pipeline\\Pipeline.php(151): Illuminate\\Foundation\\Http\\Middleware\\TransformsRequest->handle(Object(Illuminate\\Http\\Request), Object(Closure))
#30 C:\\Users\\ciloozz\\Documents\\NetBeansProjects\\app-default\\www\\server\\vendor\\laravel\\framework\\src\\Illuminate\\Routing\\Pipeline.php(53): Illuminate\\Pipeline\\Pipeline->Illuminate\\Pipeline\\{closure}(Object(Illuminate\\Http\\Request))
#31 C:\\Users\\ciloozz\\Documents\\NetBeansProjects\\app-default\\www\\server\\vendor\\laravel\\framework\\src\\Illuminate\\Foundation\\Http\\Middleware\\ValidatePostSize.php(27): Illuminate\\Routing\\Pipeline->Illuminate\\Routing\\{closure}(Object(Illuminate\\Http\\Request))
#32 C:\\Users\\ciloozz\\Documents\\NetBeansProjects\\app-default\\www\\server\\vendor\\laravel\\framework\\src\\Illuminate\\Pipeline\\Pipeline.php(151): Illuminate\\Foundation\\Http\\Middleware\\ValidatePostSize->handle(Object(Illuminate\\Http\\Request), Object(Closure))
#33 C:\\Users\\ciloozz\\Documents\\NetBeansProjects\\app-default\\www\\server\\vendor\\laravel\\framework\\src\\Illuminate\\Routing\\Pipeline.php(53): Illuminate\\Pipeline\\Pipeline->Illuminate\\Pipeline\\{closure}(Object(Illuminate\\Http\\Request))
#34 C:\\Users\\ciloozz\\Documents\\NetBeansProjects\\app-default\\www\\server\\vendor\\laravel\\framework\\src\\Illuminate\\Foundation\\Http\\Middleware\\CheckForMaintenanceMode.php(62): Illuminate\\Routing\\Pipeline->Illuminate\\Routing\\{closure}(Object(Illuminate\\Http\\Request))
#35 C:\\Users\\ciloozz\\Documents\\NetBeansProjects\\app-default\\www\\server\\vendor\\laravel\\framework\\src\\Illuminate\\Pipeline\\Pipeline.php(151): Illuminate\\Foundation\\Http\\Middleware\\CheckForMaintenanceMode->handle(Object(Illuminate\\Http\\Request), Object(Closure))
#36 C:\\Users\\ciloozz\\Documents\\NetBeansProjects\\app-default\\www\\server\\vendor\\laravel\\framework\\src\\Illuminate\\Routing\\Pipeline.php(53): Illuminate\\Pipeline\\Pipeline->Illuminate\\Pipeline\\{closure}(Object(Illuminate\\Http\\Request))
#37 C:\\Users\\ciloozz\\Documents\\NetBeansProjects\\app-default\\www\\server\\vendor\\laravel\\framework\\src\\Illuminate\\Pipeline\\Pipeline.php(104): Illuminate\\Routing\\Pipeline->Illuminate\\Routing\\{closure}(Object(Illuminate\\Http\\Request))
#38 C:\\Users\\ciloozz\\Documents\\NetBeansProjects\\app-default\\www\\server\\vendor\\laravel\\framework\\src\\Illuminate\\Foundation\\Http\\Kernel.php(151): Illuminate\\Pipeline\\Pipeline->then(Object(Closure))
#39 C:\\Users\\ciloozz\\Documents\\NetBeansProjects\\app-default\\www\\server\\vendor\\laravel\\framework\\src\\Illuminate\\Foundation\\Http\\Kernel.php(116): Illuminate\\Foundation\\Http\\Kernel->sendRequestThroughRouter(Object(Illuminate\\Http\\Request))
#40 C:\\Users\\ciloozz\\Documents\\NetBeansProjects\\app-default\\www\\server\\public\\index.php(55): Illuminate\\Foundation\\Http\\Kernel->handle(Object(Illuminate\\Http\\Request))
#41 {main}
"} 
[2019-01-04 23:11:06] production.ERROR: No application encryption key has been specified. {"exception":"[object] (RuntimeException(code: 0): No application encryption key has been specified. at C:\\Users\\ciloozz\\Documents\\NetBeansProjects\\app-default\\www\\server\\vendor\\laravel\\framework\\src\\Illuminate\\Encryption\\EncryptionServiceProvider.php:44)
[stacktrace]
#0 C:\\Users\\ciloozz\\Documents\\NetBeansProjects\\app-default\\www\\server\\vendor\\laravel\\framework\\src\\Illuminate\\Support\\helpers.php(1027): Illuminate\\Encryption\\EncryptionServiceProvider->Illuminate\\Encryption\\{closure}(NULL)
#1 C:\\Users\\ciloozz\\Documents\\NetBeansProjects\\app-default\\www\\server\\vendor\\laravel\\framework\\src\\Illuminate\\Encryption\\EncryptionServiceProvider.php(48): tap(NULL, Object(Closure))
#2 C:\\Users\\ciloozz\\Documents\\NetBeansProjects\\app-default\\www\\server\\vendor\\laravel\\framework\\src\\Illuminate\\Encryption\\EncryptionServiceProvider.php(24): Illuminate\\Encryption\\EncryptionServiceProvider->key(Array)
#3 C:\\Users\\ciloozz\\Documents\\NetBeansProjects\\app-default\\www\\server\\vendor\\laravel\\framework\\src\\Illuminate\\Container\\Container.php(776): Illuminate\\Encryption\\EncryptionServiceProvider->Illuminate\\Encryption\\{closure}(Object(Illuminate\\Foundation\\Application), Array)
#4 C:\\Users\\ciloozz\\Documents\\NetBeansProjects\\app-default\\www\\server\\vendor\\laravel\\framework\\src\\Illuminate\\Container\\Container.php(658): Illuminate\\Container\\Container->build(Object(Closure))
#5 C:\\Users\\ciloozz\\Documents\\NetBeansProjects\\app-default\\www\\server\\vendor\\laravel\\framework\\src\\Illuminate\\Container\\Container.php(609): Illuminate\\Container\\Container->resolve('encrypter', Array)
#6 C:\\Users\\ciloozz\\Documents\\NetBeansProjects\\app-default\\www\\server\\vendor\\laravel\\framework\\src\\Illuminate\\Foundation\\Application.php(735): Illuminate\\Container\\Container->make('encrypter', Array)
#7 C:\\Users\\ciloozz\\Documents\\NetBeansProjects\\app-default\\www\\server\\vendor\\laravel\\framework\\src\\Illuminate\\Container\\Container.php(912): Illuminate\\Foundation\\Application->make('encrypter')
#8 C:\\Users\\ciloozz\\Documents\\NetBeansProjects\\app-default\\www\\server\\vendor\\laravel\\framework\\src\\Illuminate\\Container\\Container.php(840): Illuminate\\Container\\Container->resolveClass(Object(ReflectionParameter))
#9 C:\\Users\\ciloozz\\Documents\\NetBeansProjects\\app-default\\www\\server\\vendor\\laravel\\framework\\src\\Illuminate\\Container\\Container.php(807): Illuminate\\Container\\Container->resolveDependencies(Array)
#10 C:\\Users\\ciloozz\\Documents\\NetBeansProjects\\app-default\\www\\server\\vendor\\laravel\\framework\\src\\Illuminate\\Container\\Container.php(658): Illuminate\\Container\\Container->build('App\\\\Http\\\\Middle...')
#11 C:\\Users\\ciloozz\\Documents\\NetBeansProjects\\app-default\\www\\server\\vendor\\laravel\\framework\\src\\Illuminate\\Container\\Container.php(609): Illuminate\\Container\\Container->resolve('App\\\\Http\\\\Middle...', Array)
#12 C:\\Users\\ciloozz\\Documents\\NetBeansProjects\\app-default\\www\\server\\vendor\\laravel\\framework\\src\\Illuminate\\Foundation\\Application.php(735): Illuminate\\Container\\Container->make('App\\\\Http\\\\Middle...', Array)
#13 C:\\Users\\ciloozz\\Documents\\NetBeansProjects\\app-default\\www\\server\\vendor\\laravel\\framework\\src\\Illuminate\\Foundation\\Http\\Kernel.php(215): Illuminate\\Foundation\\Application->make('App\\\\Http\\\\Middle...')
#14 C:\\Users\\ciloozz\\Documents\\NetBeansProjects\\app-default\\www\\server\\vendor\\laravel\\framework\\src\\Illuminate\\Foundation\\Http\\Kernel.php(189): Illuminate\\Foundation\\Http\\Kernel->terminateMiddleware(Object(Illuminate\\Http\\Request), Object(Illuminate\\Http\\Response))
#15 C:\\Users\\ciloozz\\Documents\\NetBeansProjects\\app-default\\www\\server\\public\\index.php(60): Illuminate\\Foundation\\Http\\Kernel->terminate(Object(Illuminate\\Http\\Request), Object(Illuminate\\Http\\Response))
#16 {main}
"} 
[2019-01-04 23:11:52] production.ERROR: file_get_contents(C:\Users\ciloozz\Documents\NetBeansProjects\app-default\www\server\.env): failed to open stream: No such file or directory {"exception":"[object] (ErrorException(code: 0): file_get_contents(C:\\Users\\ciloozz\\Documents\\NetBeansProjects\\app-default\\www\\server\\.env): failed to open stream: No such file or directory at C:\\Users\\ciloozz\\Documents\\NetBeansProjects\\app-default\\www\\server\\vendor\\laravel\\framework\\src\\Illuminate\\Foundation\\Console\\KeyGenerateCommand.php:96)
[stacktrace]
#0 [internal function]: Illuminate\\Foundation\\Bootstrap\\HandleExceptions->handleError(2, 'file_get_conten...', 'C:\\\\Users\\\\cilooz...', 96, Array)
#1 C:\\Users\\ciloozz\\Documents\\NetBeansProjects\\app-default\\www\\server\\vendor\\laravel\\framework\\src\\Illuminate\\Foundation\\Console\\KeyGenerateCommand.php(96): file_get_contents('C:\\\\Users\\\\cilooz...')
#2 C:\\Users\\ciloozz\\Documents\\NetBeansProjects\\app-default\\www\\server\\vendor\\laravel\\framework\\src\\Illuminate\\Foundation\\Console\\KeyGenerateCommand.php(80): Illuminate\\Foundation\\Console\\KeyGenerateCommand->writeNewEnvironmentFileWith('base64:ZVdaXA91...')
#3 C:\\Users\\ciloozz\\Documents\\NetBeansProjects\\app-default\\www\\server\\vendor\\laravel\\framework\\src\\Illuminate\\Foundation\\Console\\KeyGenerateCommand.php(45): Illuminate\\Foundation\\Console\\KeyGenerateCommand->setKeyInEnvironmentFile('base64:ZVdaXA91...')
#4 [internal function]: Illuminate\\Foundation\\Console\\KeyGenerateCommand->handle()
#5 C:\\Users\\ciloozz\\Documents\\NetBeansProjects\\app-default\\www\\server\\vendor\\laravel\\framework\\src\\Illuminate\\Container\\BoundMethod.php(29): call_user_func_array(Array, Array)
#6 C:\\Users\\ciloozz\\Documents\\NetBeansProjects\\app-default\\www\\server\\vendor\\laravel\\framework\\src\\Illuminate\\Container\\BoundMethod.php(87): Illuminate\\Container\\BoundMethod::Illuminate\\Container\\{closure}()
#7 C:\\Users\\ciloozz\\Documents\\NetBeansProjects\\app-default\\www\\server\\vendor\\laravel\\framework\\src\\Illuminate\\Container\\BoundMethod.php(31): Illuminate\\Container\\BoundMethod::callBoundMethod(Object(Illuminate\\Foundation\\Application), Array, Object(Closure))
#8 C:\\Users\\ciloozz\\Documents\\NetBeansProjects\\app-default\\www\\server\\vendor\\laravel\\framework\\src\\Illuminate\\Container\\Container.php(572): Illuminate\\Container\\BoundMethod::call(Object(Illuminate\\Foundation\\Application), Array, Array, NULL)
#9 C:\\Users\\ciloozz\\Documents\\NetBeansProjects\\app-default\\www\\server\\vendor\\laravel\\framework\\src\\Illuminate\\Console\\Command.php(183): Illuminate\\Container\\Container->call(Array)
#10 C:\\Users\\ciloozz\\Documents\\NetBeansProjects\\app-default\\www\\server\\vendor\\symfony\\console\\Command\\Command.php(255): Illuminate\\Console\\Command->execute(Object(Symfony\\Component\\Console\\Input\\ArgvInput), Object(Illuminate\\Console\\OutputStyle))
#11 C:\\Users\\ciloozz\\Documents\\NetBeansProjects\\app-default\\www\\server\\vendor\\laravel\\framework\\src\\Illuminate\\Console\\Command.php(170): Symfony\\Component\\Console\\Command\\Command->run(Object(Symfony\\Component\\Console\\Input\\ArgvInput), Object(Illuminate\\Console\\OutputStyle))
#12 C:\\Users\\ciloozz\\Documents\\NetBeansProjects\\app-default\\www\\server\\vendor\\symfony\\console\\Application.php(901): Illuminate\\Console\\Command->run(Object(Symfony\\Component\\Console\\Input\\ArgvInput), Object(Symfony\\Component\\Console\\Output\\ConsoleOutput))
#13 C:\\Users\\ciloozz\\Documents\\NetBeansProjects\\app-default\\www\\server\\vendor\\symfony\\console\\Application.php(262): Symfony\\Component\\Console\\Application->doRunCommand(Object(Illuminate\\Foundation\\Console\\KeyGenerateCommand), Object(Symfony\\Component\\Console\\Input\\ArgvInput), Object(Symfony\\Component\\Console\\Output\\ConsoleOutput))
#14 C:\\Users\\ciloozz\\Documents\\NetBeansProjects\\app-default\\www\\server\\vendor\\symfony\\console\\Application.php(145): Symfony\\Component\\Console\\Application->doRun(Object(Symfony\\Component\\Console\\Input\\ArgvInput), Object(Symfony\\Component\\Console\\Output\\ConsoleOutput))
#15 C:\\Users\\ciloozz\\Documents\\NetBeansProjects\\app-default\\www\\server\\vendor\\laravel\\framework\\src\\Illuminate\\Console\\Application.php(89): Symfony\\Component\\Console\\Application->run(Object(Symfony\\Component\\Console\\Input\\ArgvInput), Object(Symfony\\Component\\Console\\Output\\ConsoleOutput))
#16 C:\\Users\\ciloozz\\Documents\\NetBeansProjects\\app-default\\www\\server\\vendor\\laravel\\framework\\src\\Illuminate\\Foundation\\Console\\Kernel.php(122): Illuminate\\Console\\Application->run(Object(Symfony\\Component\\Console\\Input\\ArgvInput), Object(Symfony\\Component\\Console\\Output\\ConsoleOutput))
#17 C:\\Users\\ciloozz\\Documents\\NetBeansProjects\\app-default\\www\\server\\artisan(37): Illuminate\\Foundation\\Console\\Kernel->handle(Object(Symfony\\Component\\Console\\Input\\ArgvInput), Object(Symfony\\Component\\Console\\Output\\ConsoleOutput))
#18 {main}
"} 
[2019-01-04 23:12:17] production.ERROR: file_get_contents(C:\Users\ciloozz\Documents\NetBeansProjects\app-default\www\server\.env): failed to open stream: No such file or directory {"exception":"[object] (ErrorException(code: 0): file_get_contents(C:\\Users\\ciloozz\\Documents\\NetBeansProjects\\app-default\\www\\server\\.env): failed to open stream: No such file or directory at C:\\Users\\ciloozz\\Documents\\NetBeansProjects\\app-default\\www\\server\\vendor\\laravel\\framework\\src\\Illuminate\\Foundation\\Console\\KeyGenerateCommand.php:96)
[stacktrace]
#0 [internal function]: Illuminate\\Foundation\\Bootstrap\\HandleExceptions->handleError(2, 'file_get_conten...', 'C:\\\\Users\\\\cilooz...', 96, Array)
#1 C:\\Users\\ciloozz\\Documents\\NetBeansProjects\\app-default\\www\\server\\vendor\\laravel\\framework\\src\\Illuminate\\Foundation\\Console\\KeyGenerateCommand.php(96): file_get_contents('C:\\\\Users\\\\cilooz...')
#2 C:\\Users\\ciloozz\\Documents\\NetBeansProjects\\app-default\\www\\server\\vendor\\laravel\\framework\\src\\Illuminate\\Foundation\\Console\\KeyGenerateCommand.php(80): Illuminate\\Foundation\\Console\\KeyGenerateCommand->writeNewEnvironmentFileWith('base64:yUsALe6u...')
#3 C:\\Users\\ciloozz\\Documents\\NetBeansProjects\\app-default\\www\\server\\vendor\\laravel\\framework\\src\\Illuminate\\Foundation\\Console\\KeyGenerateCommand.php(45): Illuminate\\Foundation\\Console\\KeyGenerateCommand->setKeyInEnvironmentFile('base64:yUsALe6u...')
#4 [internal function]: Illuminate\\Foundation\\Console\\KeyGenerateCommand->handle()
#5 C:\\Users\\ciloozz\\Documents\\NetBeansProjects\\app-default\\www\\server\\vendor\\laravel\\framework\\src\\Illuminate\\Container\\BoundMethod.php(29): call_user_func_array(Array, Array)
#6 C:\\Users\\ciloozz\\Documents\\NetBeansProjects\\app-default\\www\\server\\vendor\\laravel\\framework\\src\\Illuminate\\Container\\BoundMethod.php(87): Illuminate\\Container\\BoundMethod::Illuminate\\Container\\{closure}()
#7 C:\\Users\\ciloozz\\Documents\\NetBeansProjects\\app-default\\www\\server\\vendor\\laravel\\framework\\src\\Illuminate\\Container\\BoundMethod.php(31): Illuminate\\Container\\BoundMethod::callBoundMethod(Object(Illuminate\\Foundation\\Application), Array, Object(Closure))
#8 C:\\Users\\ciloozz\\Documents\\NetBeansProjects\\app-default\\www\\server\\vendor\\laravel\\framework\\src\\Illuminate\\Container\\Container.php(572): Illuminate\\Container\\BoundMethod::call(Object(Illuminate\\Foundation\\Application), Array, Array, NULL)
#9 C:\\Users\\ciloozz\\Documents\\NetBeansProjects\\app-default\\www\\server\\vendor\\laravel\\framework\\src\\Illuminate\\Console\\Command.php(183): Illuminate\\Container\\Container->call(Array)
#10 C:\\Users\\ciloozz\\Documents\\NetBeansProjects\\app-default\\www\\server\\vendor\\symfony\\console\\Command\\Command.php(255): Illuminate\\Console\\Command->execute(Object(Symfony\\Component\\Console\\Input\\ArgvInput), Object(Illuminate\\Console\\OutputStyle))
#11 C:\\Users\\ciloozz\\Documents\\NetBeansProjects\\app-default\\www\\server\\vendor\\laravel\\framework\\src\\Illuminate\\Console\\Command.php(170): Symfony\\Component\\Console\\Command\\Command->run(Object(Symfony\\Component\\Console\\Input\\ArgvInput), Object(Illuminate\\Console\\OutputStyle))
#12 C:\\Users\\ciloozz\\Documents\\NetBeansProjects\\app-default\\www\\server\\vendor\\symfony\\console\\Application.php(901): Illuminate\\Console\\Command->run(Object(Symfony\\Component\\Console\\Input\\ArgvInput), Object(Symfony\\Component\\Console\\Output\\ConsoleOutput))
#13 C:\\Users\\ciloozz\\Documents\\NetBeansProjects\\app-default\\www\\server\\vendor\\symfony\\console\\Application.php(262): Symfony\\Component\\Console\\Application->doRunCommand(Object(Illuminate\\Foundation\\Console\\KeyGenerateCommand), Object(Symfony\\Component\\Console\\Input\\ArgvInput), Object(Symfony\\Component\\Console\\Output\\ConsoleOutput))
#14 C:\\Users\\ciloozz\\Documents\\NetBeansProjects\\app-default\\www\\server\\vendor\\symfony\\console\\Application.php(145): Symfony\\Component\\Console\\Application->doRun(Object(Symfony\\Component\\Console\\Input\\ArgvInput), Object(Symfony\\Component\\Console\\Output\\ConsoleOutput))
#15 C:\\Users\\ciloozz\\Documents\\NetBeansProjects\\app-default\\www\\server\\vendor\\laravel\\framework\\src\\Illuminate\\Console\\Application.php(89): Symfony\\Component\\Console\\Application->run(Object(Symfony\\Component\\Console\\Input\\ArgvInput), Object(Symfony\\Component\\Console\\Output\\ConsoleOutput))
#16 C:\\Users\\ciloozz\\Documents\\NetBeansProjects\\app-default\\www\\server\\vendor\\laravel\\framework\\src\\Illuminate\\Foundation\\Console\\Kernel.php(122): Illuminate\\Console\\Application->run(Object(Symfony\\Component\\Console\\Input\\ArgvInput), Object(Symfony\\Component\\Console\\Output\\ConsoleOutput))
#17 C:\\Users\\ciloozz\\Documents\\NetBeansProjects\\app-default\\www\\server\\artisan(37): Illuminate\\Foundation\\Console\\Kernel->handle(Object(Symfony\\Component\\Console\\Input\\ArgvInput), Object(Symfony\\Component\\Console\\Output\\ConsoleOutput))
#18 {main}
"} 
[2019-01-04 23:15:02] production.ERROR: file_get_contents(C:\Users\ciloozz\Documents\NetBeansProjects\app-default\www\server\.env): failed to open stream: No such file or directory {"exception":"[object] (ErrorException(code: 0): file_get_contents(C:\\Users\\ciloozz\\Documents\\NetBeansProjects\\app-default\\www\\server\\.env): failed to open stream: No such file or directory at C:\\Users\\ciloozz\\Documents\\NetBeansProjects\\app-default\\www\\server\\vendor\\laravel\\framework\\src\\Illuminate\\Foundation\\Console\\KeyGenerateCommand.php:96)
[stacktrace]
#0 [internal function]: Illuminate\\Foundation\\Bootstrap\\HandleExceptions->handleError(2, 'file_get_conten...', 'C:\\\\Users\\\\cilooz...', 96, Array)
#1 C:\\Users\\ciloozz\\Documents\\NetBeansProjects\\app-default\\www\\server\\vendor\\laravel\\framework\\src\\Illuminate\\Foundation\\Console\\KeyGenerateCommand.php(96): file_get_contents('C:\\\\Users\\\\cilooz...')
#2 C:\\Users\\ciloozz\\Documents\\NetBeansProjects\\app-default\\www\\server\\vendor\\laravel\\framework\\src\\Illuminate\\Foundation\\Console\\KeyGenerateCommand.php(80): Illuminate\\Foundation\\Console\\KeyGenerateCommand->writeNewEnvironmentFileWith('base64:HdmEOv44...')
#3 C:\\Users\\ciloozz\\Documents\\NetBeansProjects\\app-default\\www\\server\\vendor\\laravel\\framework\\src\\Illuminate\\Foundation\\Console\\KeyGenerateCommand.php(45): Illuminate\\Foundation\\Console\\KeyGenerateCommand->setKeyInEnvironmentFile('base64:HdmEOv44...')
#4 [internal function]: Illuminate\\Foundation\\Console\\KeyGenerateCommand->handle()
#5 C:\\Users\\ciloozz\\Documents\\NetBeansProjects\\app-default\\www\\server\\vendor\\laravel\\framework\\src\\Illuminate\\Container\\BoundMethod.php(29): call_user_func_array(Array, Array)
#6 C:\\Users\\ciloozz\\Documents\\NetBeansProjects\\app-default\\www\\server\\vendor\\laravel\\framework\\src\\Illuminate\\Container\\BoundMethod.php(87): Illuminate\\Container\\BoundMethod::Illuminate\\Container\\{closure}()
#7 C:\\Users\\ciloozz\\Documents\\NetBeansProjects\\app-default\\www\\server\\vendor\\laravel\\framework\\src\\Illuminate\\Container\\BoundMethod.php(31): Illuminate\\Container\\BoundMethod::callBoundMethod(Object(Illuminate\\Foundation\\Application), Array, Object(Closure))
#8 C:\\Users\\ciloozz\\Documents\\NetBeansProjects\\app-default\\www\\server\\vendor\\laravel\\framework\\src\\Illuminate\\Container\\Container.php(572): Illuminate\\Container\\BoundMethod::call(Object(Illuminate\\Foundation\\Application), Array, Array, NULL)
#9 C:\\Users\\ciloozz\\Documents\\NetBeansProjects\\app-default\\www\\server\\vendor\\laravel\\framework\\src\\Illuminate\\Console\\Command.php(183): Illuminate\\Container\\Container->call(Array)
#10 C:\\Users\\ciloozz\\Documents\\NetBeansProjects\\app-default\\www\\server\\vendor\\symfony\\console\\Command\\Command.php(255): Illuminate\\Console\\Command->execute(Object(Symfony\\Component\\Console\\Input\\ArgvInput), Object(Illuminate\\Console\\OutputStyle))
#11 C:\\Users\\ciloozz\\Documents\\NetBeansProjects\\app-default\\www\\server\\vendor\\laravel\\framework\\src\\Illuminate\\Console\\Command.php(170): Symfony\\Component\\Console\\Command\\Command->run(Object(Symfony\\Component\\Console\\Input\\ArgvInput), Object(Illuminate\\Console\\OutputStyle))
#12 C:\\Users\\ciloozz\\Documents\\NetBeansProjects\\app-default\\www\\server\\vendor\\symfony\\console\\Application.php(901): Illuminate\\Console\\Command->run(Object(Symfony\\Component\\Console\\Input\\ArgvInput), Object(Symfony\\Component\\Console\\Output\\ConsoleOutput))
#13 C:\\Users\\ciloozz\\Documents\\NetBeansProjects\\app-default\\www\\server\\vendor\\symfony\\console\\Application.php(262): Symfony\\Component\\Console\\Application->doRunCommand(Object(Illuminate\\Foundation\\Console\\KeyGenerateCommand), Object(Symfony\\Component\\Console\\Input\\ArgvInput), Object(Symfony\\Component\\Console\\Output\\ConsoleOutput))
#14 C:\\Users\\ciloozz\\Documents\\NetBeansProjects\\app-default\\www\\server\\vendor\\symfony\\console\\Application.php(145): Symfony\\Component\\Console\\Application->doRun(Object(Symfony\\Component\\Console\\Input\\ArgvInput), Object(Symfony\\Component\\Console\\Output\\ConsoleOutput))
#15 C:\\Users\\ciloozz\\Documents\\NetBeansProjects\\app-default\\www\\server\\vendor\\laravel\\framework\\src\\Illuminate\\Console\\Application.php(89): Symfony\\Component\\Console\\Application->run(Object(Symfony\\Component\\Console\\Input\\ArgvInput), Object(Symfony\\Component\\Console\\Output\\ConsoleOutput))
#16 C:\\Users\\ciloozz\\Documents\\NetBeansProjects\\app-default\\www\\server\\vendor\\laravel\\framework\\src\\Illuminate\\Foundation\\Console\\Kernel.php(122): Illuminate\\Console\\Application->run(Object(Symfony\\Component\\Console\\Input\\ArgvInput), Object(Symfony\\Component\\Console\\Output\\ConsoleOutput))
#17 C:\\Users\\ciloozz\\Documents\\NetBeansProjects\\app-default\\www\\server\\artisan(37): Illuminate\\Foundation\\Console\\Kernel->handle(Object(Symfony\\Component\\Console\\Input\\ArgvInput), Object(Symfony\\Component\\Console\\Output\\ConsoleOutput))
#18 {main}
"} 
[2019-01-04 23:15:41] production.ERROR: file_get_contents(C:\Users\ciloozz\Documents\NetBeansProjects\app-default\www\server\.env): failed to open stream: No such file or directory {"exception":"[object] (ErrorException(code: 0): file_get_contents(C:\\Users\\ciloozz\\Documents\\NetBeansProjects\\app-default\\www\\server\\.env): failed to open stream: No such file or directory at C:\\Users\\ciloozz\\Documents\\NetBeansProjects\\app-default\\www\\server\\vendor\\laravel\\framework\\src\\Illuminate\\Foundation\\Console\\KeyGenerateCommand.php:96)
[stacktrace]
#0 [internal function]: Illuminate\\Foundation\\Bootstrap\\HandleExceptions->handleError(2, 'file_get_conten...', 'C:\\\\Users\\\\cilooz...', 96, Array)
#1 C:\\Users\\ciloozz\\Documents\\NetBeansProjects\\app-default\\www\\server\\vendor\\laravel\\framework\\src\\Illuminate\\Foundation\\Console\\KeyGenerateCommand.php(96): file_get_contents('C:\\\\Users\\\\cilooz...')
#2 C:\\Users\\ciloozz\\Documents\\NetBeansProjects\\app-default\\www\\server\\vendor\\laravel\\framework\\src\\Illuminate\\Foundation\\Console\\KeyGenerateCommand.php(80): Illuminate\\Foundation\\Console\\KeyGenerateCommand->writeNewEnvironmentFileWith('base64:w9vCx8qp...')
#3 C:\\Users\\ciloozz\\Documents\\NetBeansProjects\\app-default\\www\\server\\vendor\\laravel\\framework\\src\\Illuminate\\Foundation\\Console\\KeyGenerateCommand.php(45): Illuminate\\Foundation\\Console\\KeyGenerateCommand->setKeyInEnvironmentFile('base64:w9vCx8qp...')
#4 [internal function]: Illuminate\\Foundation\\Console\\KeyGenerateCommand->handle()
#5 C:\\Users\\ciloozz\\Documents\\NetBeansProjects\\app-default\\www\\server\\vendor\\laravel\\framework\\src\\Illuminate\\Container\\BoundMethod.php(29): call_user_func_array(Array, Array)
#6 C:\\Users\\ciloozz\\Documents\\NetBeansProjects\\app-default\\www\\server\\vendor\\laravel\\framework\\src\\Illuminate\\Container\\BoundMethod.php(87): Illuminate\\Container\\BoundMethod::Illuminate\\Container\\{closure}()
#7 C:\\Users\\ciloozz\\Documents\\NetBeansProjects\\app-default\\www\\server\\vendor\\laravel\\framework\\src\\Illuminate\\Container\\BoundMethod.php(31): Illuminate\\Container\\BoundMethod::callBoundMethod(Object(Illuminate\\Foundation\\Application), Array, Object(Closure))
#8 C:\\Users\\ciloozz\\Documents\\NetBeansProjects\\app-default\\www\\server\\vendor\\laravel\\framework\\src\\Illuminate\\Container\\Container.php(572): Illuminate\\Container\\BoundMethod::call(Object(Illuminate\\Foundation\\Application), Array, Array, NULL)
#9 C:\\Users\\ciloozz\\Documents\\NetBeansProjects\\app-default\\www\\server\\vendor\\laravel\\framework\\src\\Illuminate\\Console\\Command.php(183): Illuminate\\Container\\Container->call(Array)
#10 C:\\Users\\ciloozz\\Documents\\NetBeansProjects\\app-default\\www\\server\\vendor\\symfony\\console\\Command\\Command.php(255): Illuminate\\Console\\Command->execute(Object(Symfony\\Component\\Console\\Input\\ArgvInput), Object(Illuminate\\Console\\OutputStyle))
#11 C:\\Users\\ciloozz\\Documents\\NetBeansProjects\\app-default\\www\\server\\vendor\\laravel\\framework\\src\\Illuminate\\Console\\Command.php(170): Symfony\\Component\\Console\\Command\\Command->run(Object(Symfony\\Component\\Console\\Input\\ArgvInput), Object(Illuminate\\Console\\OutputStyle))
#12 C:\\Users\\ciloozz\\Documents\\NetBeansProjects\\app-default\\www\\server\\vendor\\symfony\\console\\Application.php(901): Illuminate\\Console\\Command->run(Object(Symfony\\Component\\Console\\Input\\ArgvInput), Object(Symfony\\Component\\Console\\Output\\ConsoleOutput))
#13 C:\\Users\\ciloozz\\Documents\\NetBeansProjects\\app-default\\www\\server\\vendor\\symfony\\console\\Application.php(262): Symfony\\Component\\Console\\Application->doRunCommand(Object(Illuminate\\Foundation\\Console\\KeyGenerateCommand), Object(Symfony\\Component\\Console\\Input\\ArgvInput), Object(Symfony\\Component\\Console\\Output\\ConsoleOutput))
#14 C:\\Users\\ciloozz\\Documents\\NetBeansProjects\\app-default\\www\\server\\vendor\\symfony\\console\\Application.php(145): Symfony\\Component\\Console\\Application->doRun(Object(Symfony\\Component\\Console\\Input\\ArgvInput), Object(Symfony\\Component\\Console\\Output\\ConsoleOutput))
#15 C:\\Users\\ciloozz\\Documents\\NetBeansProjects\\app-default\\www\\server\\vendor\\laravel\\framework\\src\\Illuminate\\Console\\Application.php(89): Symfony\\Component\\Console\\Application->run(Object(Symfony\\Component\\Console\\Input\\ArgvInput), Object(Symfony\\Component\\Console\\Output\\ConsoleOutput))
#16 C:\\Users\\ciloozz\\Documents\\NetBeansProjects\\app-default\\www\\server\\vendor\\laravel\\framework\\src\\Illuminate\\Foundation\\Console\\Kernel.php(122): Illuminate\\Console\\Application->run(Object(Symfony\\Component\\Console\\Input\\ArgvInput), Object(Symfony\\Component\\Console\\Output\\ConsoleOutput))
#17 C:\\Users\\ciloozz\\Documents\\NetBeansProjects\\app-default\\www\\server\\artisan(37): Illuminate\\Foundation\\Console\\Kernel->handle(Object(Symfony\\Component\\Console\\Input\\ArgvInput), Object(Symfony\\Component\\Console\\Output\\ConsoleOutput))
#18 {main}
"} 
[2019-01-04 23:16:29] production.ERROR: file_get_contents(C:\Users\ciloozz\Documents\NetBeansProjects\app-default\www\server\.env): failed to open stream: No such file or directory {"exception":"[object] (ErrorException(code: 0): file_get_contents(C:\\Users\\ciloozz\\Documents\\NetBeansProjects\\app-default\\www\\server\\.env): failed to open stream: No such file or directory at C:\\Users\\ciloozz\\Documents\\NetBeansProjects\\app-default\\www\\server\\vendor\\laravel\\framework\\src\\Illuminate\\Foundation\\Console\\KeyGenerateCommand.php:96)
[stacktrace]
#0 [internal function]: Illuminate\\Foundation\\Bootstrap\\HandleExceptions->handleError(2, 'file_get_conten...', 'C:\\\\Users\\\\cilooz...', 96, Array)
#1 C:\\Users\\ciloozz\\Documents\\NetBeansProjects\\app-default\\www\\server\\vendor\\laravel\\framework\\src\\Illuminate\\Foundation\\Console\\KeyGenerateCommand.php(96): file_get_contents('C:\\\\Users\\\\cilooz...')
#2 C:\\Users\\ciloozz\\Documents\\NetBeansProjects\\app-default\\www\\server\\vendor\\laravel\\framework\\src\\Illuminate\\Foundation\\Console\\KeyGenerateCommand.php(80): Illuminate\\Foundation\\Console\\KeyGenerateCommand->writeNewEnvironmentFileWith('base64:ee4a0Sgl...')
#3 C:\\Users\\ciloozz\\Documents\\NetBeansProjects\\app-default\\www\\server\\vendor\\laravel\\framework\\src\\Illuminate\\Foundation\\Console\\KeyGenerateCommand.php(45): Illuminate\\Foundation\\Console\\KeyGenerateCommand->setKeyInEnvironmentFile('base64:ee4a0Sgl...')
#4 [internal function]: Illuminate\\Foundation\\Console\\KeyGenerateCommand->handle()
#5 C:\\Users\\ciloozz\\Documents\\NetBeansProjects\\app-default\\www\\server\\vendor\\laravel\\framework\\src\\Illuminate\\Container\\BoundMethod.php(29): call_user_func_array(Array, Array)
#6 C:\\Users\\ciloozz\\Documents\\NetBeansProjects\\app-default\\www\\server\\vendor\\laravel\\framework\\src\\Illuminate\\Container\\BoundMethod.php(87): Illuminate\\Container\\BoundMethod::Illuminate\\Container\\{closure}()
#7 C:\\Users\\ciloozz\\Documents\\NetBeansProjects\\app-default\\www\\server\\vendor\\laravel\\framework\\src\\Illuminate\\Container\\BoundMethod.php(31): Illuminate\\Container\\BoundMethod::callBoundMethod(Object(Illuminate\\Foundation\\Application), Array, Object(Closure))
#8 C:\\Users\\ciloozz\\Documents\\NetBeansProjects\\app-default\\www\\server\\vendor\\laravel\\framework\\src\\Illuminate\\Container\\Container.php(572): Illuminate\\Container\\BoundMethod::call(Object(Illuminate\\Foundation\\Application), Array, Array, NULL)
#9 C:\\Users\\ciloozz\\Documents\\NetBeansProjects\\app-default\\www\\server\\vendor\\laravel\\framework\\src\\Illuminate\\Console\\Command.php(183): Illuminate\\Container\\Container->call(Array)
#10 C:\\Users\\ciloozz\\Documents\\NetBeansProjects\\app-default\\www\\server\\vendor\\symfony\\console\\Command\\Command.php(255): Illuminate\\Console\\Command->execute(Object(Symfony\\Component\\Console\\Input\\ArgvInput), Object(Illuminate\\Console\\OutputStyle))
#11 C:\\Users\\ciloozz\\Documents\\NetBeansProjects\\app-default\\www\\server\\vendor\\laravel\\framework\\src\\Illuminate\\Console\\Command.php(170): Symfony\\Component\\Console\\Command\\Command->run(Object(Symfony\\Component\\Console\\Input\\ArgvInput), Object(Illuminate\\Console\\OutputStyle))
#12 C:\\Users\\ciloozz\\Documents\\NetBeansProjects\\app-default\\www\\server\\vendor\\symfony\\console\\Application.php(901): Illuminate\\Console\\Command->run(Object(Symfony\\Component\\Console\\Input\\ArgvInput), Object(Symfony\\Component\\Console\\Output\\ConsoleOutput))
#13 C:\\Users\\ciloozz\\Documents\\NetBeansProjects\\app-default\\www\\server\\vendor\\symfony\\console\\Application.php(262): Symfony\\Component\\Console\\Application->doRunCommand(Object(Illuminate\\Foundation\\Console\\KeyGenerateCommand), Object(Symfony\\Component\\Console\\Input\\ArgvInput), Object(Symfony\\Component\\Console\\Output\\ConsoleOutput))
#14 C:\\Users\\ciloozz\\Documents\\NetBeansProjects\\app-default\\www\\server\\vendor\\symfony\\console\\Application.php(145): Symfony\\Component\\Console\\Application->doRun(Object(Symfony\\Component\\Console\\Input\\ArgvInput), Object(Symfony\\Component\\Console\\Output\\ConsoleOutput))
#15 C:\\Users\\ciloozz\\Documents\\NetBeansProjects\\app-default\\www\\server\\vendor\\laravel\\framework\\src\\Illuminate\\Console\\Application.php(89): Symfony\\Component\\Console\\Application->run(Object(Symfony\\Component\\Console\\Input\\ArgvInput), Object(Symfony\\Component\\Console\\Output\\ConsoleOutput))
#16 C:\\Users\\ciloozz\\Documents\\NetBeansProjects\\app-default\\www\\server\\vendor\\laravel\\framework\\src\\Illuminate\\Foundation\\Console\\Kernel.php(122): Illuminate\\Console\\Application->run(Object(Symfony\\Component\\Console\\Input\\ArgvInput), Object(Symfony\\Component\\Console\\Output\\ConsoleOutput))
#17 C:\\Users\\ciloozz\\Documents\\NetBeansProjects\\app-default\\www\\server\\artisan(37): Illuminate\\Foundation\\Console\\Kernel->handle(Object(Symfony\\Component\\Console\\Input\\ArgvInput), Object(Symfony\\Component\\Console\\Output\\ConsoleOutput))
#18 {main}
"} 
[2019-01-04 23:23:56] local.ERROR: SQLSTATE[HY000] [1045] Access denied for user 'homestead'@'localhost' (using password: YES) (SQL: select * from `users` where `email` = test@test.it limit 1) {"exception":"[object] (Illuminate\\Database\\QueryException(code: 1045): SQLSTATE[HY000] [1045] Access denied for user 'homestead'@'localhost' (using password: YES) (SQL: select * from `users` where `email` = test@test.it limit 1) at C:\\Users\\ciloozz\\Documents\\NetBeansProjects\\app-default\\www\\server\\vendor\\laravel\\framework\\src\\Illuminate\\Database\\Connection.php:664, PDOException(code: 1045): SQLSTATE[HY000] [1045] Access denied for user 'homestead'@'localhost' (using password: YES) at C:\\Users\\ciloozz\\Documents\\NetBeansProjects\\app-default\\www\\server\\vendor\\laravel\\framework\\src\\Illuminate\\Database\\Connectors\\Connector.php:70)
[stacktrace]
#0 C:\\Users\\ciloozz\\Documents\\NetBeansProjects\\app-default\\www\\server\\vendor\\laravel\\framework\\src\\Illuminate\\Database\\Connection.php(624): Illuminate\\Database\\Connection->runQueryCallback('select * from `...', Array, Object(Closure))
#1 C:\\Users\\ciloozz\\Documents\\NetBeansProjects\\app-default\\www\\server\\vendor\\laravel\\framework\\src\\Illuminate\\Database\\Connection.php(333): Illuminate\\Database\\Connection->run('select * from `...', Array, Object(Closure))
#2 C:\\Users\\ciloozz\\Documents\\NetBeansProjects\\app-default\\www\\server\\vendor\\laravel\\framework\\src\\Illuminate\\Database\\Query\\Builder.php(2082): Illuminate\\Database\\Connection->select('select * from `...', Array, true)
#3 C:\\Users\\ciloozz\\Documents\\NetBeansProjects\\app-default\\www\\server\\vendor\\laravel\\framework\\src\\Illuminate\\Database\\Query\\Builder.php(2070): Illuminate\\Database\\Query\\Builder->runSelect()
#4 C:\\Users\\ciloozz\\Documents\\NetBeansProjects\\app-default\\www\\server\\vendor\\laravel\\framework\\src\\Illuminate\\Database\\Query\\Builder.php(2556): Illuminate\\Database\\Query\\Builder->Illuminate\\Database\\Query\\{closure}()
#5 C:\\Users\\ciloozz\\Documents\\NetBeansProjects\\app-default\\www\\server\\vendor\\laravel\\framework\\src\\Illuminate\\Database\\Query\\Builder.php(2071): Illuminate\\Database\\Query\\Builder->onceWithColumns(Array, Object(Closure))
#6 C:\\Users\\ciloozz\\Documents\\NetBeansProjects\\app-default\\www\\server\\vendor\\laravel\\framework\\src\\Illuminate\\Database\\Eloquent\\Builder.php(516): Illuminate\\Database\\Query\\Builder->get(Array)
#7 C:\\Users\\ciloozz\\Documents\\NetBeansProjects\\app-default\\www\\server\\vendor\\laravel\\framework\\src\\Illuminate\\Database\\Eloquent\\Builder.php(500): Illuminate\\Database\\Eloquent\\Builder->getModels(Array)
#8 C:\\Users\\ciloozz\\Documents\\NetBeansProjects\\app-default\\www\\server\\vendor\\laravel\\framework\\src\\Illuminate\\Database\\Concerns\\BuildsQueries.php(77): Illuminate\\Database\\Eloquent\\Builder->get(Array)
#9 C:\\Users\\ciloozz\\Documents\\NetBeansProjects\\app-default\\www\\server\\vendor\\laravel\\framework\\src\\Illuminate\\Auth\\EloquentUserProvider.php(128): Illuminate\\Database\\Eloquent\\Builder->first()
#10 C:\\Users\\ciloozz\\Documents\\NetBeansProjects\\app-default\\www\\server\\vendor\\laravel\\framework\\src\\Illuminate\\Auth\\SessionGuard.php(253): Illuminate\\Auth\\EloquentUserProvider->retrieveByCredentials(Array)
#11 C:\\Users\\ciloozz\\Documents\\NetBeansProjects\\app-default\\www\\server\\vendor\\laravel\\framework\\src\\Illuminate\\Auth\\SessionGuard.php(219): Illuminate\\Auth\\SessionGuard->validate(Array)
#12 C:\\Users\\ciloozz\\Documents\\NetBeansProjects\\app-default\\www\\server\\vendor\\tymon\\jwt-auth\\src\\Providers\\Auth\\Illuminate.php(47): Illuminate\\Auth\\SessionGuard->once(Array)
#13 C:\\Users\\ciloozz\\Documents\\NetBeansProjects\\app-default\\www\\server\\vendor\\tymon\\jwt-auth\\src\\JWTAuth.php(50): Tymon\\JWTAuth\\Providers\\Auth\\Illuminate->byCredentials(Array)
#14 C:\\Users\\ciloozz\\Documents\\NetBeansProjects\\app-default\\www\\server\\vendor\\laravel\\framework\\src\\Illuminate\\Support\\Facades\\Facade.php(237): Tymon\\JWTAuth\\JWTAuth->attempt(Array)
#15 C:\\Users\\ciloozz\\Documents\\NetBeansProjects\\app-default\\www\\server\\app\\Http\\Controllers\\AuthenticateController.php(35): Illuminate\\Support\\Facades\\Facade::__callStatic('attempt', Array)
#16 [internal function]: App\\Http\\Controllers\\AuthenticateController->authenticate(Object(Illuminate\\Http\\Request))
#17 C:\\Users\\ciloozz\\Documents\\NetBeansProjects\\app-default\\www\\server\\vendor\\laravel\\framework\\src\\Illuminate\\Routing\\Controller.php(54): call_user_func_array(Array, Array)
#18 C:\\Users\\ciloozz\\Documents\\NetBeansProjects\\app-default\\www\\server\\vendor\\laravel\\framework\\src\\Illuminate\\Routing\\ControllerDispatcher.php(45): Illuminate\\Routing\\Controller->callAction('authenticate', Array)
#19 C:\\Users\\ciloozz\\Documents\\NetBeansProjects\\app-default\\www\\server\\vendor\\laravel\\framework\\src\\Illuminate\\Routing\\Route.php(212): Illuminate\\Routing\\ControllerDispatcher->dispatch(Object(Illuminate\\Routing\\Route), Object(App\\Http\\Controllers\\AuthenticateController), 'authenticate')
#20 C:\\Users\\ciloozz\\Documents\\NetBeansProjects\\app-default\\www\\server\\vendor\\laravel\\framework\\src\\Illuminate\\Routing\\Route.php(169): Illuminate\\Routing\\Route->runController()
#21 C:\\Users\\ciloozz\\Documents\\NetBeansProjects\\app-default\\www\\server\\vendor\\laravel\\framework\\src\\Illuminate\\Routing\\Router.php(682): Illuminate\\Routing\\Route->run()
#22 C:\\Users\\ciloozz\\Documents\\NetBeansProjects\\app-default\\www\\server\\vendor\\laravel\\framework\\src\\Illuminate\\Routing\\Pipeline.php(30): Illuminate\\Routing\\Router->Illuminate\\Routing\\{closure}(Object(Illuminate\\Http\\Request))
#23 C:\\Users\\ciloozz\\Documents\\NetBeansProjects\\app-default\\www\\server\\vendor\\laravel\\framework\\src\\Illuminate\\Routing\\Middleware\\SubstituteBindings.php(41): Illuminate\\Routing\\Pipeline->Illuminate\\Routing\\{closure}(Object(Illuminate\\Http\\Request))
#24 C:\\Users\\ciloozz\\Documents\\NetBeansProjects\\app-default\\www\\server\\vendor\\laravel\\framework\\src\\Illuminate\\Pipeline\\Pipeline.php(151): Illuminate\\Routing\\Middleware\\SubstituteBindings->handle(Object(Illuminate\\Http\\Request), Object(Closure))
#25 C:\\Users\\ciloozz\\Documents\\NetBeansProjects\\app-default\\www\\server\\vendor\\laravel\\framework\\src\\Illuminate\\Routing\\Pipeline.php(53): Illuminate\\Pipeline\\Pipeline->Illuminate\\Pipeline\\{closure}(Object(Illuminate\\Http\\Request))
#26 C:\\Users\\ciloozz\\Documents\\NetBeansProjects\\app-default\\www\\server\\vendor\\laravel\\framework\\src\\Illuminate\\Routing\\Middleware\\ThrottleRequests.php(58): Illuminate\\Routing\\Pipeline->Illuminate\\Routing\\{closure}(Object(Illuminate\\Http\\Request))
#27 C:\\Users\\ciloozz\\Documents\\NetBeansProjects\\app-default\\www\\server\\vendor\\laravel\\framework\\src\\Illuminate\\Pipeline\\Pipeline.php(151): Illuminate\\Routing\\Middleware\\ThrottleRequests->handle(Object(Illuminate\\Http\\Request), Object(Closure), 60, '1')
#28 C:\\Users\\ciloozz\\Documents\\NetBeansProjects\\app-default\\www\\server\\vendor\\laravel\\framework\\src\\Illuminate\\Routing\\Pipeline.php(53): Illuminate\\Pipeline\\Pipeline->Illuminate\\Pipeline\\{closure}(Object(Illuminate\\Http\\Request))
#29 C:\\Users\\ciloozz\\Documents\\NetBeansProjects\\app-default\\www\\server\\vendor\\laravel\\framework\\src\\Illuminate\\Pipeline\\Pipeline.php(104): Illuminate\\Routing\\Pipeline->Illuminate\\Routing\\{closure}(Object(Illuminate\\Http\\Request))
#30 C:\\Users\\ciloozz\\Documents\\NetBeansProjects\\app-default\\www\\server\\vendor\\laravel\\framework\\src\\Illuminate\\Routing\\Router.php(684): Illuminate\\Pipeline\\Pipeline->then(Object(Closure))
#31 C:\\Users\\ciloozz\\Documents\\NetBeansProjects\\app-default\\www\\server\\vendor\\laravel\\framework\\src\\Illuminate\\Routing\\Router.php(659): Illuminate\\Routing\\Router->runRouteWithinStack(Object(Illuminate\\Routing\\Route), Object(Illuminate\\Http\\Request))
#32 C:\\Users\\ciloozz\\Documents\\NetBeansProjects\\app-default\\www\\server\\vendor\\laravel\\framework\\src\\Illuminate\\Routing\\Router.php(625): Illuminate\\Routing\\Router->runRoute(Object(Illuminate\\Http\\Request), Object(Illuminate\\Routing\\Route))
#33 C:\\Users\\ciloozz\\Documents\\NetBeansProjects\\app-default\\www\\server\\vendor\\laravel\\framework\\src\\Illuminate\\Routing\\Router.php(614): Illuminate\\Routing\\Router->dispatchToRoute(Object(Illuminate\\Http\\Request))
#34 C:\\Users\\ciloozz\\Documents\\NetBeansProjects\\app-default\\www\\server\\vendor\\laravel\\framework\\src\\Illuminate\\Foundation\\Http\\Kernel.php(176): Illuminate\\Routing\\Router->dispatch(Object(Illuminate\\Http\\Request))
#35 C:\\Users\\ciloozz\\Documents\\NetBeansProjects\\app-default\\www\\server\\vendor\\laravel\\framework\\src\\Illuminate\\Routing\\Pipeline.php(30): Illuminate\\Foundation\\Http\\Kernel->Illuminate\\Foundation\\Http\\{closure}(Object(Illuminate\\Http\\Request))
#36 C:\\Users\\ciloozz\\Documents\\NetBeansProjects\\app-default\\www\\server\\vendor\\fideloper\\proxy\\src\\TrustProxies.php(57): Illuminate\\Routing\\Pipeline->Illuminate\\Routing\\{closure}(Object(Illuminate\\Http\\Request))
#37 C:\\Users\\ciloozz\\Documents\\NetBeansProjects\\app-default\\www\\server\\vendor\\laravel\\framework\\src\\Illuminate\\Pipeline\\Pipeline.php(151): Fideloper\\Proxy\\TrustProxies->handle(Object(Illuminate\\Http\\Request), Object(Closure))
#38 C:\\Users\\ciloozz\\Documents\\NetBeansProjects\\app-default\\www\\server\\vendor\\laravel\\framework\\src\\Illuminate\\Routing\\Pipeline.php(53): Illuminate\\Pipeline\\Pipeline->Illuminate\\Pipeline\\{closure}(Object(Illuminate\\Http\\Request))
#39 C:\\Users\\ciloozz\\Documents\\NetBeansProjects\\app-default\\www\\server\\vendor\\laravel\\framework\\src\\Illuminate\\Foundation\\Http\\Middleware\\TransformsRequest.php(31): Illuminate\\Routing\\Pipeline->Illuminate\\Routing\\{closure}(Object(Illuminate\\Http\\Request))
#40 C:\\Users\\ciloozz\\Documents\\NetBeansProjects\\app-default\\www\\server\\vendor\\laravel\\framework\\src\\Illuminate\\Pipeline\\Pipeline.php(151): Illuminate\\Foundation\\Http\\Middleware\\TransformsRequest->handle(Object(Illuminate\\Http\\Request), Object(Closure))
#41 C:\\Users\\ciloozz\\Documents\\NetBeansProjects\\app-default\\www\\server\\vendor\\laravel\\framework\\src\\Illuminate\\Routing\\Pipeline.php(53): Illuminate\\Pipeline\\Pipeline->Illuminate\\Pipeline\\{closure}(Object(Illuminate\\Http\\Request))
#42 C:\\Users\\ciloozz\\Documents\\NetBeansProjects\\app-default\\www\\server\\vendor\\laravel\\framework\\src\\Illuminate\\Foundation\\Http\\Middleware\\TransformsRequest.php(31): Illuminate\\Routing\\Pipeline->Illuminate\\Routing\\{closure}(Object(Illuminate\\Http\\Request))
#43 C:\\Users\\ciloozz\\Documents\\NetBeansProjects\\app-default\\www\\server\\vendor\\laravel\\framework\\src\\Illuminate\\Pipeline\\Pipeline.php(151): Illuminate\\Foundation\\Http\\Middleware\\TransformsRequest->handle(Object(Illuminate\\Http\\Request), Object(Closure))
#44 C:\\Users\\ciloozz\\Documents\\NetBeansProjects\\app-default\\www\\server\\vendor\\laravel\\framework\\src\\Illuminate\\Routing\\Pipeline.php(53): Illuminate\\Pipeline\\Pipeline->Illuminate\\Pipeline\\{closure}(Object(Illuminate\\Http\\Request))
#45 C:\\Users\\ciloozz\\Documents\\NetBeansProjects\\app-default\\www\\server\\vendor\\laravel\\framework\\src\\Illuminate\\Foundation\\Http\\Middleware\\ValidatePostSize.php(27): Illuminate\\Routing\\Pipeline->Illuminate\\Routing\\{closure}(Object(Illuminate\\Http\\Request))
#46 C:\\Users\\ciloozz\\Documents\\NetBeansProjects\\app-default\\www\\server\\vendor\\laravel\\framework\\src\\Illuminate\\Pipeline\\Pipeline.php(151): Illuminate\\Foundation\\Http\\Middleware\\ValidatePostSize->handle(Object(Illuminate\\Http\\Request), Object(Closure))
#47 C:\\Users\\ciloozz\\Documents\\NetBeansProjects\\app-default\\www\\server\\vendor\\laravel\\framework\\src\\Illuminate\\Routing\\Pipeline.php(53): Illuminate\\Pipeline\\Pipeline->Illuminate\\Pipeline\\{closure}(Object(Illuminate\\Http\\Request))
#48 C:\\Users\\ciloozz\\Documents\\NetBeansProjects\\app-default\\www\\server\\vendor\\laravel\\framework\\src\\Illuminate\\Foundation\\Http\\Middleware\\CheckForMaintenanceMode.php(62): Illuminate\\Routing\\Pipeline->Illuminate\\Routing\\{closure}(Object(Illuminate\\Http\\Request))
#49 C:\\Users\\ciloozz\\Documents\\NetBeansProjects\\app-default\\www\\server\\vendor\\laravel\\framework\\src\\Illuminate\\Pipeline\\Pipeline.php(151): Illuminate\\Foundation\\Http\\Middleware\\CheckForMaintenanceMode->handle(Object(Illuminate\\Http\\Request), Object(Closure))
#50 C:\\Users\\ciloozz\\Documents\\NetBeansProjects\\app-default\\www\\server\\vendor\\laravel\\framework\\src\\Illuminate\\Routing\\Pipeline.php(53): Illuminate\\Pipeline\\Pipeline->Illuminate\\Pipeline\\{closure}(Object(Illuminate\\Http\\Request))
#51 C:\\Users\\ciloozz\\Documents\\NetBeansProjects\\app-default\\www\\server\\vendor\\laravel\\framework\\src\\Illuminate\\Pipeline\\Pipeline.php(104): Illuminate\\Routing\\Pipeline->Illuminate\\Routing\\{closure}(Object(Illuminate\\Http\\Request))
#52 C:\\Users\\ciloozz\\Documents\\NetBeansProjects\\app-default\\www\\server\\vendor\\laravel\\framework\\src\\Illuminate\\Foundation\\Http\\Kernel.php(151): Illuminate\\Pipeline\\Pipeline->then(Object(Closure))
#53 C:\\Users\\ciloozz\\Documents\\NetBeansProjects\\app-default\\www\\server\\vendor\\laravel\\framework\\src\\Illuminate\\Foundation\\Http\\Kernel.php(116): Illuminate\\Foundation\\Http\\Kernel->sendRequestThroughRouter(Object(Illuminate\\Http\\Request))
#54 C:\\Users\\ciloozz\\Documents\\NetBeansProjects\\app-default\\www\\server\\public\\index.php(55): Illuminate\\Foundation\\Http\\Kernel->handle(Object(Illuminate\\Http\\Request))
#55 {main}
"} 
[2019-01-04 23:47:50] local.ERROR: Argument 2 passed to Lcobucci\JWT\Signer\Hmac::createHash() must be an instance of Lcobucci\JWT\Signer\Key, null given, called in C:\Users\ciloozz\Documents\NetBeansProjects\app-default\www\server\vendor\lcobucci\jwt\src\Signer\BaseSigner.php on line 34 {"userId":2,"email":"admin@admin.it","exception":"[object] (Symfony\\Component\\Debug\\Exception\\FatalThrowableError(code: 0): Argument 2 passed to Lcobucci\\JWT\\Signer\\Hmac::createHash() must be an instance of Lcobucci\\JWT\\Signer\\Key, null given, called in C:\\Users\\ciloozz\\Documents\\NetBeansProjects\\app-default\\www\\server\\vendor\\lcobucci\\jwt\\src\\Signer\\BaseSigner.php on line 34 at C:\\Users\\ciloozz\\Documents\\NetBeansProjects\\app-default\\www\\server\\vendor\\lcobucci\\jwt\\src\\Signer\\Hmac.php:21)
[stacktrace]
#0 C:\\Users\\ciloozz\\Documents\\NetBeansProjects\\app-default\\www\\server\\vendor\\lcobucci\\jwt\\src\\Signer\\BaseSigner.php(34): Lcobucci\\JWT\\Signer\\Hmac->createHash('eyJ0eXAiOiJKV1Q...', NULL)
#1 C:\\Users\\ciloozz\\Documents\\NetBeansProjects\\app-default\\www\\server\\vendor\\lcobucci\\jwt\\src\\Builder.php(240): Lcobucci\\JWT\\Signer\\BaseSigner->sign('eyJ0eXAiOiJKV1Q...', NULL)
#2 C:\\Users\\ciloozz\\Documents\\NetBeansProjects\\app-default\\www\\server\\vendor\\tymon\\jwt-auth\\src\\Providers\\JWT\\Lcobucci.php(111): Lcobucci\\JWT\\Builder->sign(Object(Lcobucci\\JWT\\Signer\\Hmac\\Sha256), NULL)
#3 C:\\Users\\ciloozz\\Documents\\NetBeansProjects\\app-default\\www\\server\\vendor\\tymon\\jwt-auth\\src\\Manager.php(84): Tymon\\JWTAuth\\Providers\\JWT\\Lcobucci->encode(Array)
#4 C:\\Users\\ciloozz\\Documents\\NetBeansProjects\\app-default\\www\\server\\vendor\\tymon\\jwt-auth\\src\\JWT.php(78): Tymon\\JWTAuth\\Manager->encode(Object(Tymon\\JWTAuth\\Payload))
#5 C:\\Users\\ciloozz\\Documents\\NetBeansProjects\\app-default\\www\\server\\vendor\\tymon\\jwt-auth\\src\\JWT.php(90): Tymon\\JWTAuth\\JWT->fromSubject(Object(App\\User))
#6 C:\\Users\\ciloozz\\Documents\\NetBeansProjects\\app-default\\www\\server\\vendor\\tymon\\jwt-auth\\src\\JWTAuth.php(54): Tymon\\JWTAuth\\JWT->fromUser(Object(App\\User))
#7 C:\\Users\\ciloozz\\Documents\\NetBeansProjects\\app-default\\www\\server\\vendor\\laravel\\framework\\src\\Illuminate\\Support\\Facades\\Facade.php(237): Tymon\\JWTAuth\\JWTAuth->attempt(Array)
#8 C:\\Users\\ciloozz\\Documents\\NetBeansProjects\\app-default\\www\\server\\app\\Http\\Controllers\\AuthenticateController.php(36): Illuminate\\Support\\Facades\\Facade::__callStatic('attempt', Array)
#9 [internal function]: App\\Http\\Controllers\\AuthenticateController->authenticate(Object(Illuminate\\Http\\Request))
#10 C:\\Users\\ciloozz\\Documents\\NetBeansProjects\\app-default\\www\\server\\vendor\\laravel\\framework\\src\\Illuminate\\Routing\\Controller.php(54): call_user_func_array(Array, Array)
#11 C:\\Users\\ciloozz\\Documents\\NetBeansProjects\\app-default\\www\\server\\vendor\\laravel\\framework\\src\\Illuminate\\Routing\\ControllerDispatcher.php(45): Illuminate\\Routing\\Controller->callAction('authenticate', Array)
#12 C:\\Users\\ciloozz\\Documents\\NetBeansProjects\\app-default\\www\\server\\vendor\\laravel\\framework\\src\\Illuminate\\Routing\\Route.php(212): Illuminate\\Routing\\ControllerDispatcher->dispatch(Object(Illuminate\\Routing\\Route), Object(App\\Http\\Controllers\\AuthenticateController), 'authenticate')
#13 C:\\Users\\ciloozz\\Documents\\NetBeansProjects\\app-default\\www\\server\\vendor\\laravel\\framework\\src\\Illuminate\\Routing\\Route.php(169): Illuminate\\Routing\\Route->runController()
#14 C:\\Users\\ciloozz\\Documents\\NetBeansProjects\\app-default\\www\\server\\vendor\\laravel\\framework\\src\\Illuminate\\Routing\\Router.php(682): Illuminate\\Routing\\Route->run()
#15 C:\\Users\\ciloozz\\Documents\\NetBeansProjects\\app-default\\www\\server\\vendor\\laravel\\framework\\src\\Illuminate\\Routing\\Pipeline.php(30): Illuminate\\Routing\\Router->Illuminate\\Routing\\{closure}(Object(Illuminate\\Http\\Request))
#16 C:\\Users\\ciloozz\\Documents\\NetBeansProjects\\app-default\\www\\server\\vendor\\laravel\\framework\\src\\Illuminate\\Routing\\Middleware\\SubstituteBindings.php(41): Illuminate\\Routing\\Pipeline->Illuminate\\Routing\\{closure}(Object(Illuminate\\Http\\Request))
#17 C:\\Users\\ciloozz\\Documents\\NetBeansProjects\\app-default\\www\\server\\vendor\\laravel\\framework\\src\\Illuminate\\Pipeline\\Pipeline.php(151): Illuminate\\Routing\\Middleware\\SubstituteBindings->handle(Object(Illuminate\\Http\\Request), Object(Closure))
#18 C:\\Users\\ciloozz\\Documents\\NetBeansProjects\\app-default\\www\\server\\vendor\\laravel\\framework\\src\\Illuminate\\Routing\\Pipeline.php(53): Illuminate\\Pipeline\\Pipeline->Illuminate\\Pipeline\\{closure}(Object(Illuminate\\Http\\Request))
#19 C:\\Users\\ciloozz\\Documents\\NetBeansProjects\\app-default\\www\\server\\vendor\\laravel\\framework\\src\\Illuminate\\Routing\\Middleware\\ThrottleRequests.php(58): Illuminate\\Routing\\Pipeline->Illuminate\\Routing\\{closure}(Object(Illuminate\\Http\\Request))
#20 C:\\Users\\ciloozz\\Documents\\NetBeansProjects\\app-default\\www\\server\\vendor\\laravel\\framework\\src\\Illuminate\\Pipeline\\Pipeline.php(151): Illuminate\\Routing\\Middleware\\ThrottleRequests->handle(Object(Illuminate\\Http\\Request), Object(Closure), 60, '1')
#21 C:\\Users\\ciloozz\\Documents\\NetBeansProjects\\app-default\\www\\server\\vendor\\laravel\\framework\\src\\Illuminate\\Routing\\Pipeline.php(53): Illuminate\\Pipeline\\Pipeline->Illuminate\\Pipeline\\{closure}(Object(Illuminate\\Http\\Request))
#22 C:\\Users\\ciloozz\\Documents\\NetBeansProjects\\app-default\\www\\server\\vendor\\laravel\\framework\\src\\Illuminate\\Pipeline\\Pipeline.php(104): Illuminate\\Routing\\Pipeline->Illuminate\\Routing\\{closure}(Object(Illuminate\\Http\\Request))
#23 C:\\Users\\ciloozz\\Documents\\NetBeansProjects\\app-default\\www\\server\\vendor\\laravel\\framework\\src\\Illuminate\\Routing\\Router.php(684): Illuminate\\Pipeline\\Pipeline->then(Object(Closure))
#24 C:\\Users\\ciloozz\\Documents\\NetBeansProjects\\app-default\\www\\server\\vendor\\laravel\\framework\\src\\Illuminate\\Routing\\Router.php(659): Illuminate\\Routing\\Router->runRouteWithinStack(Object(Illuminate\\Routing\\Route), Object(Illuminate\\Http\\Request))
#25 C:\\Users\\ciloozz\\Documents\\NetBeansProjects\\app-default\\www\\server\\vendor\\laravel\\framework\\src\\Illuminate\\Routing\\Router.php(625): Illuminate\\Routing\\Router->runRoute(Object(Illuminate\\Http\\Request), Object(Illuminate\\Routing\\Route))
#26 C:\\Users\\ciloozz\\Documents\\NetBeansProjects\\app-default\\www\\server\\vendor\\laravel\\framework\\src\\Illuminate\\Routing\\Router.php(614): Illuminate\\Routing\\Router->dispatchToRoute(Object(Illuminate\\Http\\Request))
#27 C:\\Users\\ciloozz\\Documents\\NetBeansProjects\\app-default\\www\\server\\vendor\\laravel\\framework\\src\\Illuminate\\Foundation\\Http\\Kernel.php(176): Illuminate\\Routing\\Router->dispatch(Object(Illuminate\\Http\\Request))
#28 C:\\Users\\ciloozz\\Documents\\NetBeansProjects\\app-default\\www\\server\\vendor\\laravel\\framework\\src\\Illuminate\\Routing\\Pipeline.php(30): Illuminate\\Foundation\\Http\\Kernel->Illuminate\\Foundation\\Http\\{closure}(Object(Illuminate\\Http\\Request))
#29 C:\\Users\\ciloozz\\Documents\\NetBeansProjects\\app-default\\www\\server\\vendor\\fideloper\\proxy\\src\\TrustProxies.php(57): Illuminate\\Routing\\Pipeline->Illuminate\\Routing\\{closure}(Object(Illuminate\\Http\\Request))
#30 C:\\Users\\ciloozz\\Documents\\NetBeansProjects\\app-default\\www\\server\\vendor\\laravel\\framework\\src\\Illuminate\\Pipeline\\Pipeline.php(151): Fideloper\\Proxy\\TrustProxies->handle(Object(Illuminate\\Http\\Request), Object(Closure))
#31 C:\\Users\\ciloozz\\Documents\\NetBeansProjects\\app-default\\www\\server\\vendor\\laravel\\framework\\src\\Illuminate\\Routing\\Pipeline.php(53): Illuminate\\Pipeline\\Pipeline->Illuminate\\Pipeline\\{closure}(Object(Illuminate\\Http\\Request))
#32 C:\\Users\\ciloozz\\Documents\\NetBeansProjects\\app-default\\www\\server\\vendor\\laravel\\framework\\src\\Illuminate\\Foundation\\Http\\Middleware\\TransformsRequest.php(31): Illuminate\\Routing\\Pipeline->Illuminate\\Routing\\{closure}(Object(Illuminate\\Http\\Request))
#33 C:\\Users\\ciloozz\\Documents\\NetBeansProjects\\app-default\\www\\server\\vendor\\laravel\\framework\\src\\Illuminate\\Pipeline\\Pipeline.php(151): Illuminate\\Foundation\\Http\\Middleware\\TransformsRequest->handle(Object(Illuminate\\Http\\Request), Object(Closure))
#34 C:\\Users\\ciloozz\\Documents\\NetBeansProjects\\app-default\\www\\server\\vendor\\laravel\\framework\\src\\Illuminate\\Routing\\Pipeline.php(53): Illuminate\\Pipeline\\Pipeline->Illuminate\\Pipeline\\{closure}(Object(Illuminate\\Http\\Request))
#35 C:\\Users\\ciloozz\\Documents\\NetBeansProjects\\app-default\\www\\server\\vendor\\laravel\\framework\\src\\Illuminate\\Foundation\\Http\\Middleware\\TransformsRequest.php(31): Illuminate\\Routing\\Pipeline->Illuminate\\Routing\\{closure}(Object(Illuminate\\Http\\Request))
#36 C:\\Users\\ciloozz\\Documents\\NetBeansProjects\\app-default\\www\\server\\vendor\\laravel\\framework\\src\\Illuminate\\Pipeline\\Pipeline.php(151): Illuminate\\Foundation\\Http\\Middleware\\TransformsRequest->handle(Object(Illuminate\\Http\\Request), Object(Closure))
#37 C:\\Users\\ciloozz\\Documents\\NetBeansProjects\\app-default\\www\\server\\vendor\\laravel\\framework\\src\\Illuminate\\Routing\\Pipeline.php(53): Illuminate\\Pipeline\\Pipeline->Illuminate\\Pipeline\\{closure}(Object(Illuminate\\Http\\Request))
#38 C:\\Users\\ciloozz\\Documents\\NetBeansProjects\\app-default\\www\\server\\vendor\\laravel\\framework\\src\\Illuminate\\Foundation\\Http\\Middleware\\ValidatePostSize.php(27): Illuminate\\Routing\\Pipeline->Illuminate\\Routing\\{closure}(Object(Illuminate\\Http\\Request))
#39 C:\\Users\\ciloozz\\Documents\\NetBeansProjects\\app-default\\www\\server\\vendor\\laravel\\framework\\src\\Illuminate\\Pipeline\\Pipeline.php(151): Illuminate\\Foundation\\Http\\Middleware\\ValidatePostSize->handle(Object(Illuminate\\Http\\Request), Object(Closure))
#40 C:\\Users\\ciloozz\\Documents\\NetBeansProjects\\app-default\\www\\server\\vendor\\laravel\\framework\\src\\Illuminate\\Routing\\Pipeline.php(53): Illuminate\\Pipeline\\Pipeline->Illuminate\\Pipeline\\{closure}(Object(Illuminate\\Http\\Request))
#41 C:\\Users\\ciloozz\\Documents\\NetBeansProjects\\app-default\\www\\server\\vendor\\laravel\\framework\\src\\Illuminate\\Foundation\\Http\\Middleware\\CheckForMaintenanceMode.php(62): Illuminate\\Routing\\Pipeline->Illuminate\\Routing\\{closure}(Object(Illuminate\\Http\\Request))
#42 C:\\Users\\ciloozz\\Documents\\NetBeansProjects\\app-default\\www\\server\\vendor\\laravel\\framework\\src\\Illuminate\\Pipeline\\Pipeline.php(151): Illuminate\\Foundation\\Http\\Middleware\\CheckForMaintenanceMode->handle(Object(Illuminate\\Http\\Request), Object(Closure))
#43 C:\\Users\\ciloozz\\Documents\\NetBeansProjects\\app-default\\www\\server\\vendor\\laravel\\framework\\src\\Illuminate\\Routing\\Pipeline.php(53): Illuminate\\Pipeline\\Pipeline->Illuminate\\Pipeline\\{closure}(Object(Illuminate\\Http\\Request))
#44 C:\\Users\\ciloozz\\Documents\\NetBeansProjects\\app-default\\www\\server\\vendor\\laravel\\framework\\src\\Illuminate\\Pipeline\\Pipeline.php(104): Illuminate\\Routing\\Pipeline->Illuminate\\Routing\\{closure}(Object(Illuminate\\Http\\Request))
#45 C:\\Users\\ciloozz\\Documents\\NetBeansProjects\\app-default\\www\\server\\vendor\\laravel\\framework\\src\\Illuminate\\Foundation\\Http\\Kernel.php(151): Illuminate\\Pipeline\\Pipeline->then(Object(Closure))
#46 C:\\Users\\ciloozz\\Documents\\NetBeansProjects\\app-default\\www\\server\\vendor\\laravel\\framework\\src\\Illuminate\\Foundation\\Http\\Kernel.php(116): Illuminate\\Foundation\\Http\\Kernel->sendRequestThroughRouter(Object(Illuminate\\Http\\Request))
#47 C:\\Users\\ciloozz\\Documents\\NetBeansProjects\\app-default\\www\\server\\public\\index.php(55): Illuminate\\Foundation\\Http\\Kernel->handle(Object(Illuminate\\Http\\Request))
#48 {main}
"} 
[2019-01-04 23:48:46] local.ERROR: Argument 2 passed to Lcobucci\JWT\Signer\Hmac::createHash() must be an instance of Lcobucci\JWT\Signer\Key, null given, called in C:\Users\ciloozz\Documents\NetBeansProjects\app-default\www\server\vendor\lcobucci\jwt\src\Signer\BaseSigner.php on line 34 {"userId":2,"email":"admin@admin.it","exception":"[object] (Symfony\\Component\\Debug\\Exception\\FatalThrowableError(code: 0): Argument 2 passed to Lcobucci\\JWT\\Signer\\Hmac::createHash() must be an instance of Lcobucci\\JWT\\Signer\\Key, null given, called in C:\\Users\\ciloozz\\Documents\\NetBeansProjects\\app-default\\www\\server\\vendor\\lcobucci\\jwt\\src\\Signer\\BaseSigner.php on line 34 at C:\\Users\\ciloozz\\Documents\\NetBeansProjects\\app-default\\www\\server\\vendor\\lcobucci\\jwt\\src\\Signer\\Hmac.php:21)
[stacktrace]
#0 C:\\Users\\ciloozz\\Documents\\NetBeansProjects\\app-default\\www\\server\\vendor\\lcobucci\\jwt\\src\\Signer\\BaseSigner.php(34): Lcobucci\\JWT\\Signer\\Hmac->createHash('eyJ0eXAiOiJKV1Q...', NULL)
#1 C:\\Users\\ciloozz\\Documents\\NetBeansProjects\\app-default\\www\\server\\vendor\\lcobucci\\jwt\\src\\Builder.php(240): Lcobucci\\JWT\\Signer\\BaseSigner->sign('eyJ0eXAiOiJKV1Q...', NULL)
#2 C:\\Users\\ciloozz\\Documents\\NetBeansProjects\\app-default\\www\\server\\vendor\\tymon\\jwt-auth\\src\\Providers\\JWT\\Lcobucci.php(111): Lcobucci\\JWT\\Builder->sign(Object(Lcobucci\\JWT\\Signer\\Hmac\\Sha256), NULL)
#3 C:\\Users\\ciloozz\\Documents\\NetBeansProjects\\app-default\\www\\server\\vendor\\tymon\\jwt-auth\\src\\Manager.php(84): Tymon\\JWTAuth\\Providers\\JWT\\Lcobucci->encode(Array)
#4 C:\\Users\\ciloozz\\Documents\\NetBeansProjects\\app-default\\www\\server\\vendor\\tymon\\jwt-auth\\src\\JWT.php(78): Tymon\\JWTAuth\\Manager->encode(Object(Tymon\\JWTAuth\\Payload))
#5 C:\\Users\\ciloozz\\Documents\\NetBeansProjects\\app-default\\www\\server\\vendor\\tymon\\jwt-auth\\src\\JWT.php(90): Tymon\\JWTAuth\\JWT->fromSubject(Object(App\\User))
#6 C:\\Users\\ciloozz\\Documents\\NetBeansProjects\\app-default\\www\\server\\vendor\\tymon\\jwt-auth\\src\\JWTAuth.php(54): Tymon\\JWTAuth\\JWT->fromUser(Object(App\\User))
#7 C:\\Users\\ciloozz\\Documents\\NetBeansProjects\\app-default\\www\\server\\vendor\\laravel\\framework\\src\\Illuminate\\Support\\Facades\\Facade.php(237): Tymon\\JWTAuth\\JWTAuth->attempt(Array)
#8 C:\\Users\\ciloozz\\Documents\\NetBeansProjects\\app-default\\www\\server\\app\\Http\\Controllers\\AuthenticateController.php(36): Illuminate\\Support\\Facades\\Facade::__callStatic('attempt', Array)
#9 [internal function]: App\\Http\\Controllers\\AuthenticateController->authenticate(Object(Illuminate\\Http\\Request))
#10 C:\\Users\\ciloozz\\Documents\\NetBeansProjects\\app-default\\www\\server\\vendor\\laravel\\framework\\src\\Illuminate\\Routing\\Controller.php(54): call_user_func_array(Array, Array)
#11 C:\\Users\\ciloozz\\Documents\\NetBeansProjects\\app-default\\www\\server\\vendor\\laravel\\framework\\src\\Illuminate\\Routing\\ControllerDispatcher.php(45): Illuminate\\Routing\\Controller->callAction('authenticate', Array)
#12 C:\\Users\\ciloozz\\Documents\\NetBeansProjects\\app-default\\www\\server\\vendor\\laravel\\framework\\src\\Illuminate\\Routing\\Route.php(212): Illuminate\\Routing\\ControllerDispatcher->dispatch(Object(Illuminate\\Routing\\Route), Object(App\\Http\\Controllers\\AuthenticateController), 'authenticate')
#13 C:\\Users\\ciloozz\\Documents\\NetBeansProjects\\app-default\\www\\server\\vendor\\laravel\\framework\\src\\Illuminate\\Routing\\Route.php(169): Illuminate\\Routing\\Route->runController()
#14 C:\\Users\\ciloozz\\Documents\\NetBeansProjects\\app-default\\www\\server\\vendor\\laravel\\framework\\src\\Illuminate\\Routing\\Router.php(682): Illuminate\\Routing\\Route->run()
#15 C:\\Users\\ciloozz\\Documents\\NetBeansProjects\\app-default\\www\\server\\vendor\\laravel\\framework\\src\\Illuminate\\Routing\\Pipeline.php(30): Illuminate\\Routing\\Router->Illuminate\\Routing\\{closure}(Object(Illuminate\\Http\\Request))
#16 C:\\Users\\ciloozz\\Documents\\NetBeansProjects\\app-default\\www\\server\\vendor\\laravel\\framework\\src\\Illuminate\\Routing\\Middleware\\SubstituteBindings.php(41): Illuminate\\Routing\\Pipeline->Illuminate\\Routing\\{closure}(Object(Illuminate\\Http\\Request))
#17 C:\\Users\\ciloozz\\Documents\\NetBeansProjects\\app-default\\www\\server\\vendor\\laravel\\framework\\src\\Illuminate\\Pipeline\\Pipeline.php(151): Illuminate\\Routing\\Middleware\\SubstituteBindings->handle(Object(Illuminate\\Http\\Request), Object(Closure))
#18 C:\\Users\\ciloozz\\Documents\\NetBeansProjects\\app-default\\www\\server\\vendor\\laravel\\framework\\src\\Illuminate\\Routing\\Pipeline.php(53): Illuminate\\Pipeline\\Pipeline->Illuminate\\Pipeline\\{closure}(Object(Illuminate\\Http\\Request))
#19 C:\\Users\\ciloozz\\Documents\\NetBeansProjects\\app-default\\www\\server\\vendor\\laravel\\framework\\src\\Illuminate\\Routing\\Middleware\\ThrottleRequests.php(58): Illuminate\\Routing\\Pipeline->Illuminate\\Routing\\{closure}(Object(Illuminate\\Http\\Request))
#20 C:\\Users\\ciloozz\\Documents\\NetBeansProjects\\app-default\\www\\server\\vendor\\laravel\\framework\\src\\Illuminate\\Pipeline\\Pipeline.php(151): Illuminate\\Routing\\Middleware\\ThrottleRequests->handle(Object(Illuminate\\Http\\Request), Object(Closure), 60, '1')
#21 C:\\Users\\ciloozz\\Documents\\NetBeansProjects\\app-default\\www\\server\\vendor\\laravel\\framework\\src\\Illuminate\\Routing\\Pipeline.php(53): Illuminate\\Pipeline\\Pipeline->Illuminate\\Pipeline\\{closure}(Object(Illuminate\\Http\\Request))
#22 C:\\Users\\ciloozz\\Documents\\NetBeansProjects\\app-default\\www\\server\\vendor\\laravel\\framework\\src\\Illuminate\\Pipeline\\Pipeline.php(104): Illuminate\\Routing\\Pipeline->Illuminate\\Routing\\{closure}(Object(Illuminate\\Http\\Request))
#23 C:\\Users\\ciloozz\\Documents\\NetBeansProjects\\app-default\\www\\server\\vendor\\laravel\\framework\\src\\Illuminate\\Routing\\Router.php(684): Illuminate\\Pipeline\\Pipeline->then(Object(Closure))
#24 C:\\Users\\ciloozz\\Documents\\NetBeansProjects\\app-default\\www\\server\\vendor\\laravel\\framework\\src\\Illuminate\\Routing\\Router.php(659): Illuminate\\Routing\\Router->runRouteWithinStack(Object(Illuminate\\Routing\\Route), Object(Illuminate\\Http\\Request))
#25 C:\\Users\\ciloozz\\Documents\\NetBeansProjects\\app-default\\www\\server\\vendor\\laravel\\framework\\src\\Illuminate\\Routing\\Router.php(625): Illuminate\\Routing\\Router->runRoute(Object(Illuminate\\Http\\Request), Object(Illuminate\\Routing\\Route))
#26 C:\\Users\\ciloozz\\Documents\\NetBeansProjects\\app-default\\www\\server\\vendor\\laravel\\framework\\src\\Illuminate\\Routing\\Router.php(614): Illuminate\\Routing\\Router->dispatchToRoute(Object(Illuminate\\Http\\Request))
#27 C:\\Users\\ciloozz\\Documents\\NetBeansProjects\\app-default\\www\\server\\vendor\\laravel\\framework\\src\\Illuminate\\Foundation\\Http\\Kernel.php(176): Illuminate\\Routing\\Router->dispatch(Object(Illuminate\\Http\\Request))
#28 C:\\Users\\ciloozz\\Documents\\NetBeansProjects\\app-default\\www\\server\\vendor\\laravel\\framework\\src\\Illuminate\\Routing\\Pipeline.php(30): Illuminate\\Foundation\\Http\\Kernel->Illuminate\\Foundation\\Http\\{closure}(Object(Illuminate\\Http\\Request))
#29 C:\\Users\\ciloozz\\Documents\\NetBeansProjects\\app-default\\www\\server\\vendor\\fideloper\\proxy\\src\\TrustProxies.php(57): Illuminate\\Routing\\Pipeline->Illuminate\\Routing\\{closure}(Object(Illuminate\\Http\\Request))
#30 C:\\Users\\ciloozz\\Documents\\NetBeansProjects\\app-default\\www\\server\\vendor\\laravel\\framework\\src\\Illuminate\\Pipeline\\Pipeline.php(151): Fideloper\\Proxy\\TrustProxies->handle(Object(Illuminate\\Http\\Request), Object(Closure))
#31 C:\\Users\\ciloozz\\Documents\\NetBeansProjects\\app-default\\www\\server\\vendor\\laravel\\framework\\src\\Illuminate\\Routing\\Pipeline.php(53): Illuminate\\Pipeline\\Pipeline->Illuminate\\Pipeline\\{closure}(Object(Illuminate\\Http\\Request))
#32 C:\\Users\\ciloozz\\Documents\\NetBeansProjects\\app-default\\www\\server\\vendor\\laravel\\framework\\src\\Illuminate\\Foundation\\Http\\Middleware\\TransformsRequest.php(31): Illuminate\\Routing\\Pipeline->Illuminate\\Routing\\{closure}(Object(Illuminate\\Http\\Request))
#33 C:\\Users\\ciloozz\\Documents\\NetBeansProjects\\app-default\\www\\server\\vendor\\laravel\\framework\\src\\Illuminate\\Pipeline\\Pipeline.php(151): Illuminate\\Foundation\\Http\\Middleware\\TransformsRequest->handle(Object(Illuminate\\Http\\Request), Object(Closure))
#34 C:\\Users\\ciloozz\\Documents\\NetBeansProjects\\app-default\\www\\server\\vendor\\laravel\\framework\\src\\Illuminate\\Routing\\Pipeline.php(53): Illuminate\\Pipeline\\Pipeline->Illuminate\\Pipeline\\{closure}(Object(Illuminate\\Http\\Request))
#35 C:\\Users\\ciloozz\\Documents\\NetBeansProjects\\app-default\\www\\server\\vendor\\laravel\\framework\\src\\Illuminate\\Foundation\\Http\\Middleware\\TransformsRequest.php(31): Illuminate\\Routing\\Pipeline->Illuminate\\Routing\\{closure}(Object(Illuminate\\Http\\Request))
#36 C:\\Users\\ciloozz\\Documents\\NetBeansProjects\\app-default\\www\\server\\vendor\\laravel\\framework\\src\\Illuminate\\Pipeline\\Pipeline.php(151): Illuminate\\Foundation\\Http\\Middleware\\TransformsRequest->handle(Object(Illuminate\\Http\\Request), Object(Closure))
#37 C:\\Users\\ciloozz\\Documents\\NetBeansProjects\\app-default\\www\\server\\vendor\\laravel\\framework\\src\\Illuminate\\Routing\\Pipeline.php(53): Illuminate\\Pipeline\\Pipeline->Illuminate\\Pipeline\\{closure}(Object(Illuminate\\Http\\Request))
#38 C:\\Users\\ciloozz\\Documents\\NetBeansProjects\\app-default\\www\\server\\vendor\\laravel\\framework\\src\\Illuminate\\Foundation\\Http\\Middleware\\ValidatePostSize.php(27): Illuminate\\Routing\\Pipeline->Illuminate\\Routing\\{closure}(Object(Illuminate\\Http\\Request))
#39 C:\\Users\\ciloozz\\Documents\\NetBeansProjects\\app-default\\www\\server\\vendor\\laravel\\framework\\src\\Illuminate\\Pipeline\\Pipeline.php(151): Illuminate\\Foundation\\Http\\Middleware\\ValidatePostSize->handle(Object(Illuminate\\Http\\Request), Object(Closure))
#40 C:\\Users\\ciloozz\\Documents\\NetBeansProjects\\app-default\\www\\server\\vendor\\laravel\\framework\\src\\Illuminate\\Routing\\Pipeline.php(53): Illuminate\\Pipeline\\Pipeline->Illuminate\\Pipeline\\{closure}(Object(Illuminate\\Http\\Request))
#41 C:\\Users\\ciloozz\\Documents\\NetBeansProjects\\app-default\\www\\server\\vendor\\laravel\\framework\\src\\Illuminate\\Foundation\\Http\\Middleware\\CheckForMaintenanceMode.php(62): Illuminate\\Routing\\Pipeline->Illuminate\\Routing\\{closure}(Object(Illuminate\\Http\\Request))
#42 C:\\Users\\ciloozz\\Documents\\NetBeansProjects\\app-default\\www\\server\\vendor\\laravel\\framework\\src\\Illuminate\\Pipeline\\Pipeline.php(151): Illuminate\\Foundation\\Http\\Middleware\\CheckForMaintenanceMode->handle(Object(Illuminate\\Http\\Request), Object(Closure))
#43 C:\\Users\\ciloozz\\Documents\\NetBeansProjects\\app-default\\www\\server\\vendor\\laravel\\framework\\src\\Illuminate\\Routing\\Pipeline.php(53): Illuminate\\Pipeline\\Pipeline->Illuminate\\Pipeline\\{closure}(Object(Illuminate\\Http\\Request))
#44 C:\\Users\\ciloozz\\Documents\\NetBeansProjects\\app-default\\www\\server\\vendor\\laravel\\framework\\src\\Illuminate\\Pipeline\\Pipeline.php(104): Illuminate\\Routing\\Pipeline->Illuminate\\Routing\\{closure}(Object(Illuminate\\Http\\Request))
#45 C:\\Users\\ciloozz\\Documents\\NetBeansProjects\\app-default\\www\\server\\vendor\\laravel\\framework\\src\\Illuminate\\Foundation\\Http\\Kernel.php(151): Illuminate\\Pipeline\\Pipeline->then(Object(Closure))
#46 C:\\Users\\ciloozz\\Documents\\NetBeansProjects\\app-default\\www\\server\\vendor\\laravel\\framework\\src\\Illuminate\\Foundation\\Http\\Kernel.php(116): Illuminate\\Foundation\\Http\\Kernel->sendRequestThroughRouter(Object(Illuminate\\Http\\Request))
#47 C:\\Users\\ciloozz\\Documents\\NetBeansProjects\\app-default\\www\\server\\public\\index.php(55): Illuminate\\Foundation\\Http\\Kernel->handle(Object(Illuminate\\Http\\Request))
#48 {main}
"} 
